This is pdfTeX, Version 3.141592653-2.6-1.40.25 (MiKTeX 23.4) (preloaded format=pdflatex 2024.8.11)  26 MAR 2025 15:46
entering extended mode
 restricted \write18 enabled.
 %&-line parsing enabled.
**./main.tex
(main.tex
LaTeX2e <2022-11-01> patch level 1
L3 programming layer <2023-03-30>
(C:\Users\KIIT\AppData\Local\Programs\MiKTeX\tex/latex/base\report.cls
Document Class: report 2022/07/02 v1.4n Standard LaTeX document class
(C:\Users\KIIT\AppData\Local\Programs\MiKTeX\tex/latex/base\size12.clo
File: size12.clo 2022/07/02 v1.4n Standard LaTeX file (size option)
)
\c@part=\count185
\c@chapter=\count186
\c@section=\count187
\c@subsection=\count188
\c@subsubsection=\count189
\c@paragraph=\count190
\c@subparagraph=\count191
\c@figure=\count192
\c@table=\count193
\abovecaptionskip=\skip48
\belowcaptionskip=\skip49
\bibindent=\dimen140
)
(C:\Users\KIIT\AppData\Local\Programs\MiKTeX\tex/latex/base\inputenc.sty
Package: inputenc 2021/02/14 v1.3d Input encoding file
\inpenc@prehook=\toks16
\inpenc@posthook=\toks17
)
(C:\Users\KIIT\AppData\Local\Programs\MiKTeX\tex/latex/amsmath\amsmath.sty
Package: amsmath 2022/04/08 v2.17n AMS math features
\@mathmargin=\skip50

For additional information on amsmath, use the `?' option.
(C:\Users\KIIT\AppData\Local\Programs\MiKTeX\tex/latex/amsmath\amstext.sty
Package: amstext 2021/08/26 v2.01 AMS text

(C:\Users\KIIT\AppData\Local\Programs\MiKTeX\tex/latex/amsmath\amsgen.sty
File: amsgen.sty 1999/11/30 v2.0 generic functions
\@emptytoks=\toks18
\ex@=\dimen141
))
(C:\Users\KIIT\AppData\Local\Programs\MiKTeX\tex/latex/amsmath\amsbsy.sty
Package: amsbsy 1999/11/29 v1.2d Bold Symbols
\pmbraise@=\dimen142
)
(C:\Users\KIIT\AppData\Local\Programs\MiKTeX\tex/latex/amsmath\amsopn.sty
Package: amsopn 2022/04/08 v2.04 operator names
)
\inf@bad=\count194
LaTeX Info: Redefining \frac on input line 234.
\uproot@=\count195
\leftroot@=\count196
LaTeX Info: Redefining \overline on input line 399.
LaTeX Info: Redefining \colon on input line 410.
\classnum@=\count197
\DOTSCASE@=\count198
LaTeX Info: Redefining \ldots on input line 496.
LaTeX Info: Redefining \dots on input line 499.
LaTeX Info: Redefining \cdots on input line 620.
\Mathstrutbox@=\box51
\strutbox@=\box52
LaTeX Info: Redefining \big on input line 722.
LaTeX Info: Redefining \Big on input line 723.
LaTeX Info: Redefining \bigg on input line 724.
LaTeX Info: Redefining \Bigg on input line 725.
\big@size=\dimen143
LaTeX Font Info:    Redeclaring font encoding OML on input line 743.
LaTeX Font Info:    Redeclaring font encoding OMS on input line 744.
\macc@depth=\count199
LaTeX Info: Redefining \bmod on input line 905.
LaTeX Info: Redefining \pmod on input line 910.
LaTeX Info: Redefining \smash on input line 940.
LaTeX Info: Redefining \relbar on input line 970.
LaTeX Info: Redefining \Relbar on input line 971.
\c@MaxMatrixCols=\count266
\dotsspace@=\muskip16
\c@parentequation=\count267
\dspbrk@lvl=\count268
\tag@help=\toks19
\row@=\count269
\column@=\count270
\maxfields@=\count271
\andhelp@=\toks20
\eqnshift@=\dimen144
\alignsep@=\dimen145
\tagshift@=\dimen146
\tagwidth@=\dimen147
\totwidth@=\dimen148
\lineht@=\dimen149
\@envbody=\toks21
\multlinegap=\skip51
\multlinetaggap=\skip52
\mathdisplay@stack=\toks22
LaTeX Info: Redefining \[ on input line 2953.
LaTeX Info: Redefining \] on input line 2954.
)
(C:\Users\KIIT\AppData\Local\Programs\MiKTeX\tex/latex/xcolor\xcolor.sty
Package: xcolor 2022/06/12 v2.14 LaTeX color extensions (UK)

(C:\Users\KIIT\AppData\Local\Programs\MiKTeX\tex/latex/graphics-cfg\color.cfg
File: color.cfg 2016/01/02 v1.6 sample color configuration
)
Package xcolor Info: Driver file: pdftex.def on input line 227.

(C:\Users\KIIT\AppData\Local\Programs\MiKTeX\tex/latex/graphics-def\pdftex.def
File: pdftex.def 2022/09/22 v1.2b Graphics/color driver for pdftex
) (C:\Users\KIIT\AppData\Local\Programs\MiKTeX\tex/latex/graphics\mathcolor.ltx
)
Package xcolor Info: Model `cmy' substituted by `cmy0' on input line 1353.
Package xcolor Info: Model `hsb' substituted by `rgb' on input line 1357.
Package xcolor Info: Model `RGB' extended on input line 1369.
Package xcolor Info: Model `HTML' substituted by `rgb' on input line 1371.
Package xcolor Info: Model `Hsb' substituted by `hsb' on input line 1372.
Package xcolor Info: Model `tHsb' substituted by `hsb' on input line 1373.
Package xcolor Info: Model `HSB' substituted by `hsb' on input line 1374.
Package xcolor Info: Model `Gray' substituted by `gray' on input line 1375.
Package xcolor Info: Model `wave' substituted by `hsb' on input line 1376.
) (C:\Users\KIIT\AppData\Local\Programs\MiKTeX\tex/latex/hyperref\hyperref.sty
Package: hyperref 2023-02-07 v7.00v Hypertext links for LaTeX

(C:\Users\KIIT\AppData\Local\Programs\MiKTeX\tex/generic/ltxcmds\ltxcmds.sty
Package: ltxcmds 2020-05-10 v1.25 LaTeX kernel commands for general use (HO)
)
(C:\Users\KIIT\AppData\Local\Programs\MiKTeX\tex/generic/iftex\iftex.sty
Package: iftex 2022/02/03 v1.0f TeX engine tests
)
(C:\Users\KIIT\AppData\Local\Programs\MiKTeX\tex/generic/pdftexcmds\pdftexcmds.
sty
Package: pdftexcmds 2020-06-27 v0.33 Utility functions of pdfTeX for LuaTeX (HO
)

(C:\Users\KIIT\AppData\Local\Programs\MiKTeX\tex/generic/infwarerr\infwarerr.st
y
Package: infwarerr 2019/12/03 v1.5 Providing info/warning/error messages (HO)
)
Package pdftexcmds Info: \pdf@primitive is available.
Package pdftexcmds Info: \pdf@ifprimitive is available.
Package pdftexcmds Info: \pdfdraftmode found.
) (C:\Users\KIIT\AppData\Local\Programs\MiKTeX\tex/latex/graphics\keyval.sty
Package: keyval 2022/05/29 v1.15 key=value parser (DPC)
\KV@toks@=\toks23
) (C:\Users\KIIT\AppData\Local\Programs\MiKTeX\tex/latex/kvsetkeys\kvsetkeys.st
y
Package: kvsetkeys 2022-10-05 v1.19 Key value parser (HO)
)
(C:\Users\KIIT\AppData\Local\Programs\MiKTeX\tex/generic/kvdefinekeys\kvdefinek
eys.sty
Package: kvdefinekeys 2019-12-19 v1.6 Define keys (HO)
)
(C:\Users\KIIT\AppData\Local\Programs\MiKTeX\tex/generic/pdfescape\pdfescape.st
y
Package: pdfescape 2019/12/09 v1.15 Implements pdfTeX's escape features (HO)
) (C:\Users\KIIT\AppData\Local\Programs\MiKTeX\tex/latex/hycolor\hycolor.sty
Package: hycolor 2020-01-27 v1.10 Color options for hyperref/bookmark (HO)
)
(C:\Users\KIIT\AppData\Local\Programs\MiKTeX\tex/latex/letltxmacro\letltxmacro.
sty
Package: letltxmacro 2019/12/03 v1.6 Let assignment for LaTeX macros (HO)
) (C:\Users\KIIT\AppData\Local\Programs\MiKTeX\tex/latex/auxhook\auxhook.sty
Package: auxhook 2019-12-17 v1.6 Hooks for auxiliary files (HO)
) (C:\Users\KIIT\AppData\Local\Programs\MiKTeX\tex/latex/hyperref\nameref.sty
Package: nameref 2022-05-17 v2.50 Cross-referencing by name of section

(C:\Users\KIIT\AppData\Local\Programs\MiKTeX\tex/latex/refcount\refcount.sty
Package: refcount 2019/12/15 v3.6 Data extraction from label references (HO)
)
(C:\Users\KIIT\AppData\Local\Programs\MiKTeX\tex/generic/gettitlestring\gettitl
estring.sty
Package: gettitlestring 2019/12/15 v1.6 Cleanup title references (HO)

(C:\Users\KIIT\AppData\Local\Programs\MiKTeX\tex/latex/kvoptions\kvoptions.sty
Package: kvoptions 2022-06-15 v3.15 Key value format for package options (HO)
))
\c@section@level=\count272
)
\@linkdim=\dimen150
\Hy@linkcounter=\count273
\Hy@pagecounter=\count274
 (C:\Users\KIIT\AppData\Local\Programs\MiKTeX\tex/latex/hyperref\pd1enc.def
File: pd1enc.def 2023-02-07 v7.00v Hyperref: PDFDocEncoding definition (HO)
Now handling font encoding PD1 ...
... no UTF-8 mapping file for font encoding PD1
)
(C:\Users\KIIT\AppData\Local\Programs\MiKTeX\tex/generic/intcalc\intcalc.sty
Package: intcalc 2019/12/15 v1.3 Expandable calculations with integers (HO)
)
(C:\Users\KIIT\AppData\Local\Programs\MiKTeX\tex/generic/etexcmds\etexcmds.sty
Package: etexcmds 2019/12/15 v1.7 Avoid name clashes with e-TeX commands (HO)
)
\Hy@SavedSpaceFactor=\count275
(C:\Users\KIIT\AppData\Local\Programs\MiKTeX\tex/latex/hyperref\puenc.def
File: puenc.def 2023-02-07 v7.00v Hyperref: PDF Unicode definition (HO)
Now handling font encoding PU ...
... no UTF-8 mapping file for font encoding PU
)
Package hyperref Info: Hyper figures OFF on input line 4177.
Package hyperref Info: Link nesting OFF on input line 4182.
Package hyperref Info: Hyper index ON on input line 4185.
Package hyperref Info: Plain pages OFF on input line 4192.
Package hyperref Info: Backreferencing OFF on input line 4197.
Package hyperref Info: Implicit mode ON; LaTeX internals redefined.
Package hyperref Info: Bookmarks ON on input line 4425.
\c@Hy@tempcnt=\count276

(C:\Users\KIIT\AppData\Local\Programs\MiKTeX\tex/latex/url\url.sty
\Urlmuskip=\muskip17
Package: url 2013/09/16  ver 3.4  Verb mode for urls, etc.
)
LaTeX Info: Redefining \url on input line 4763.
\XeTeXLinkMargin=\dimen151

(C:\Users\KIIT\AppData\Local\Programs\MiKTeX\tex/generic/bitset\bitset.sty
Package: bitset 2019/12/09 v1.3 Handle bit-vector datatype (HO)

(C:\Users\KIIT\AppData\Local\Programs\MiKTeX\tex/generic/bigintcalc\bigintcalc.
sty
Package: bigintcalc 2019/12/15 v1.5 Expandable calculations on big integers (HO
)
))
\Fld@menulength=\count277
\Field@Width=\dimen152
\Fld@charsize=\dimen153
Package hyperref Info: Hyper figures OFF on input line 6042.
Package hyperref Info: Link nesting OFF on input line 6047.
Package hyperref Info: Hyper index ON on input line 6050.
Package hyperref Info: backreferencing OFF on input line 6057.
Package hyperref Info: Link coloring OFF on input line 6062.
Package hyperref Info: Link coloring with OCG OFF on input line 6067.
Package hyperref Info: PDF/A mode OFF on input line 6072.

(C:\Users\KIIT\AppData\Local\Programs\MiKTeX\tex/latex/base\atbegshi-ltx.sty
Package: atbegshi-ltx 2021/01/10 v1.0c Emulation of the original atbegshi
package with kernel methods
)
\Hy@abspage=\count278
\c@Item=\count279
\c@Hfootnote=\count280
)
Package hyperref Info: Driver (autodetected): hpdftex.

(C:\Users\KIIT\AppData\Local\Programs\MiKTeX\tex/latex/hyperref\hpdftex.def
File: hpdftex.def 2023-02-07 v7.00v Hyperref driver for pdfTeX

(C:\Users\KIIT\AppData\Local\Programs\MiKTeX\tex/latex/base\atveryend-ltx.sty
Package: atveryend-ltx 2020/08/19 v1.0a Emulation of the original atveryend pac
kage
with kernel methods
)
\Fld@listcount=\count281
\c@bookmark@seq@number=\count282

(C:\Users\KIIT\AppData\Local\Programs\MiKTeX\tex/latex/rerunfilecheck\rerunfile
check.sty
Package: rerunfilecheck 2022-07-10 v1.10 Rerun checks for auxiliary files (HO)

(C:\Users\KIIT\AppData\Local\Programs\MiKTeX\tex/generic/uniquecounter\uniqueco
unter.sty
Package: uniquecounter 2019/12/15 v1.4 Provide unlimited unique counter (HO)
)
Package uniquecounter Info: New unique counter `rerunfilecheck' on input line 2
85.
)
\Hy@SectionHShift=\skip53
)
(C:\Users\KIIT\AppData\Local\Programs\MiKTeX\tex/latex/graphics\graphicx.sty
Package: graphicx 2021/09/16 v1.2d Enhanced LaTeX Graphics (DPC,SPQR)

(C:\Users\KIIT\AppData\Local\Programs\MiKTeX\tex/latex/graphics\graphics.sty
Package: graphics 2022/03/10 v1.4e Standard LaTeX Graphics (DPC,SPQR)

(C:\Users\KIIT\AppData\Local\Programs\MiKTeX\tex/latex/graphics\trig.sty
Package: trig 2021/08/11 v1.11 sin cos tan (DPC)
)
(C:\Users\KIIT\AppData\Local\Programs\MiKTeX\tex/latex/graphics-cfg\graphics.cf
g
File: graphics.cfg 2016/06/04 v1.11 sample graphics configuration
)
Package graphics Info: Driver file: pdftex.def on input line 107.
)
\Gin@req@height=\dimen154
\Gin@req@width=\dimen155
)
(C:\Users\KIIT\AppData\Local\Programs\MiKTeX\tex/latex/booktabs\booktabs.sty
Package: booktabs 2020/01/12 v1.61803398 Publication quality tables
\heavyrulewidth=\dimen156
\lightrulewidth=\dimen157
\cmidrulewidth=\dimen158
\belowrulesep=\dimen159
\belowbottomsep=\dimen160
\aboverulesep=\dimen161
\abovetopsep=\dimen162
\cmidrulesep=\dimen163
\cmidrulekern=\dimen164
\defaultaddspace=\dimen165
\@cmidla=\count283
\@cmidlb=\count284
\@aboverulesep=\dimen166
\@belowrulesep=\dimen167
\@thisruleclass=\count285
\@lastruleclass=\count286
\@thisrulewidth=\dimen168
)
(C:\Users\KIIT\AppData\Local\Programs\MiKTeX\tex/latex/shadowtext\shadowtext.st
y
Package: shadowtext 2012/05/07 v0.3 Shadow Text
\st@shadowoffsetx=\skip54
\st@shadowoffsety=\skip55
\st@temp@width=\skip56
\st@temp@height=\skip57
\st@pic@width=\skip58
\st@pic@height=\skip59
)
Package hyperref Info: Option `colorlinks' set `true' on input line 16.
 (C:\Users\KIIT\AppData\Local\Programs\MiKTeX\tex/latex/geometry\geometry.sty
Package: geometry 2020/01/02 v5.9 Page Geometry
(C:\Users\KIIT\AppData\Local\Programs\MiKTeX\tex/generic/iftex\ifvtex.sty
Package: ifvtex 2019/10/25 v1.7 ifvtex legacy package. Use iftex instead.
)
\Gm@cnth=\count287
\Gm@cntv=\count288
\c@Gm@tempcnt=\count289
\Gm@bindingoffset=\dimen169
\Gm@wd@mp=\dimen170
\Gm@odd@mp=\dimen171
\Gm@even@mp=\dimen172
\Gm@layoutwidth=\dimen173
\Gm@layoutheight=\dimen174
\Gm@layouthoffset=\dimen175
\Gm@layoutvoffset=\dimen176
\Gm@dimlist=\toks24

(C:\Users\KIIT\AppData\Local\Programs\MiKTeX\tex/latex/geometry\geometry.cfg))
(C:\Users\KIIT\AppData\Local\Programs\MiKTeX\tex/latex/cite\cite.sty
LaTeX Info: Redefining \cite on input line 302.
LaTeX Info: Redefining \nocite on input line 332.
Package: cite 2015/02/27  v 5.5
)
(C:\Users\KIIT\AppData\Local\Programs\MiKTeX\tex/latex/fancyhdr\fancyhdr.sty
Package: fancyhdr 2025/02/07 v5.2 Extensive control of page headers and footers

\f@nch@headwidth=\skip60
\f@nch@offset@elh=\skip61
\f@nch@offset@erh=\skip62
\f@nch@offset@olh=\skip63
\f@nch@offset@orh=\skip64
\f@nch@offset@elf=\skip65
\f@nch@offset@erf=\skip66
\f@nch@offset@olf=\skip67
\f@nch@offset@orf=\skip68
\f@nch@height=\skip69
\f@nch@footalignment=\skip70
\f@nch@widthL=\skip71
\f@nch@widthC=\skip72
\f@nch@widthR=\skip73
\@temptokenb=\toks25
)

Package fancyhdr Warning: \fancyhead's `E' option without twoside option is use
less.
(fancyhdr)                Please consider using the `twoside' option on input l
ine 26.


(C:\Users\KIIT\AppData\Local\Programs\MiKTeX\tex/latex/l3backend\l3backend-pdft
ex.def
File: l3backend-pdftex.def 2023-03-30 L3 backend support: PDF output (pdfTeX)
\l__color_backend_stack_int=\count290
\l__pdf_internal_box=\box53
) (main.aux (titlepage.aux) (acknowledgement.aux) (abstract.aux)
(aman.aux) (amit.aux) (adarsh.aux) (akash.aux))
\openout1 = `main.aux'.

LaTeX Font Info:    Checking defaults for OML/cmm/m/it on input line 31.
LaTeX Font Info:    ... okay on input line 31.
LaTeX Font Info:    Checking defaults for OMS/cmsy/m/n on input line 31.
LaTeX Font Info:    ... okay on input line 31.
LaTeX Font Info:    Checking defaults for OT1/cmr/m/n on input line 31.
LaTeX Font Info:    ... okay on input line 31.
LaTeX Font Info:    Checking defaults for T1/cmr/m/n on input line 31.
LaTeX Font Info:    ... okay on input line 31.
LaTeX Font Info:    Checking defaults for TS1/cmr/m/n on input line 31.
LaTeX Font Info:    ... okay on input line 31.
LaTeX Font Info:    Checking defaults for OMX/cmex/m/n on input line 31.
LaTeX Font Info:    ... okay on input line 31.
LaTeX Font Info:    Checking defaults for U/cmr/m/n on input line 31.
LaTeX Font Info:    ... okay on input line 31.
LaTeX Font Info:    Checking defaults for PD1/pdf/m/n on input line 31.
LaTeX Font Info:    ... okay on input line 31.
LaTeX Font Info:    Checking defaults for PU/pdf/m/n on input line 31.
LaTeX Font Info:    ... okay on input line 31.

(C:\Users\KIIT\AppData\Local\Programs\MiKTeX\tex/context/base/mkii\supp-pdf.mki
i
[Loading MPS to PDF converter (version 2006.09.02).]
\scratchcounter=\count291
\scratchdimen=\dimen177
\scratchbox=\box54
\nofMPsegments=\count292
\nofMParguments=\count293
\everyMPshowfont=\toks26
\MPscratchCnt=\count294
\MPscratchDim=\dimen178
\MPnumerator=\count295
\makeMPintoPDFobject=\count296
\everyMPtoPDFconversion=\toks27
)
(C:\Users\KIIT\AppData\Local\Programs\MiKTeX\tex/latex/epstopdf-pkg\epstopdf-ba
se.sty
Package: epstopdf-base 2020-01-24 v2.11 Base part for package epstopdf
Package epstopdf-base Info: Redefining graphics rule for `.eps' on input line 4
85.

(C:\Users\KIIT\AppData\Local\Programs\MiKTeX\tex/latex/00miktex\epstopdf-sys.cf
g
File: epstopdf-sys.cfg 2021/03/18 v2.0 Configuration of epstopdf for MiKTeX
))
Package hyperref Info: Link coloring ON on input line 31.
 (main.out) (main.out)
\@outlinefile=\write3
\openout3 = `main.out'.


*geometry* driver: auto-detecting
*geometry* detected driver: pdftex
*geometry* verbose mode - [ preamble ] result:
* driver: pdftex
* paper: a4paper
* layout: <same size as paper>
* layoutoffset:(h,v)=(0.0pt,0.0pt)
* modes: 
* h-part:(L,W,R)=(72.26999pt, 452.9679pt, 72.26999pt)
* v-part:(T,H,B)=(72.26999pt, 700.50687pt, 72.26999pt)
* \paperwidth=597.50787pt
* \paperheight=845.04684pt
* \textwidth=452.9679pt
* \textheight=700.50687pt
* \oddsidemargin=0.0pt
* \evensidemargin=0.0pt
* \topmargin=-37.0pt
* \headheight=12.0pt
* \headsep=25.0pt
* \topskip=12.0pt
* \footskip=30.0pt
* \marginparwidth=35.0pt
* \marginparsep=10.0pt
* \columnsep=10.0pt
* \skip\footins=10.8pt plus 4.0pt minus 2.0pt
* \hoffset=0.0pt
* \voffset=0.0pt
* \mag=1000
* \@twocolumnfalse
* \@twosidefalse
* \@mparswitchfalse
* \@reversemarginfalse
* (1in=72.27pt=25.4mm, 1cm=28.453pt)

\openout2 = `titlepage.aux'.

(titlepage.tex
<./assets/bw_kiit.png, id=279, 1086.0575pt x 797.98125pt>
File: ./assets/bw_kiit.png Graphic file (type png)
<use ./assets/bw_kiit.png>
Package pdftex.def Info: ./assets/bw_kiit.png  used on input line 35.
(pdftex.def)             Requested size: 67.94241pt x 49.91023pt.
 [1


{C:/Users/KIIT/AppData/Local/MiKTeX/fonts/map/pdftex/pdftex.map} <./assets/bw_k
iit.png>])

Package fancyhdr Warning: \headheight is too small (12.0pt): 
(fancyhdr)                Make it at least 14.49998pt, for example:
(fancyhdr)                \setlength{\headheight}{14.49998pt}.
(fancyhdr)                You might also make \topmargin smaller:
(fancyhdr)                \addtolength{\topmargin}{-2.49998pt}.


pdfTeX warning (ext4): destination with the same identifier (name{page.1}) has 
been already used, duplicate ignored
<to be read again> 
                   \relax 
l.43 	\include{acknowledgement.tex}
                                    [1


]
\openout2 = `acknowledgement.aux'.

 (acknowledgement.tex
Underfull \hbox (badness 10000) in paragraph at lines 14--17

 []


Underfull \hbox (badness 10000) in paragraph at lines 18--21

 []


Underfull \hbox (badness 10000) in paragraph at lines 22--25

 []

)

Package fancyhdr Warning: \headheight is too small (12.0pt): 
(fancyhdr)                Make it at least 14.49998pt, for example:
(fancyhdr)                \setlength{\headheight}{14.49998pt}.
(fancyhdr)                You might also make \topmargin smaller:
(fancyhdr)                \addtolength{\topmargin}{-2.49998pt}.

[2

]
\openout2 = `abstract.aux'.

 (abstract.tex)

Package fancyhdr Warning: \headheight is too small (12.0pt): 
(fancyhdr)                Make it at least 14.49998pt, for example:
(fancyhdr)                \setlength{\headheight}{14.49998pt}.
(fancyhdr)                You might also make \topmargin smaller:
(fancyhdr)                \addtolength{\topmargin}{-2.49998pt}.

[3



] (main.toc [4



])
\tf@toc=\write4
\openout4 = `main.toc'.



Package fancyhdr Warning: \headheight is too small (12.0pt): 
(fancyhdr)                Make it at least 14.49998pt, for example:
(fancyhdr)                \setlength{\headheight}{14.49998pt}.
(fancyhdr)                You might also make \topmargin smaller:
(fancyhdr)                \addtolength{\topmargin}{-2.49998pt}.

[5]
\openout2 = `aman.aux'.

 (aman.tex
Chapter 1.
[6


]
Overfull \hbox (0.40666pt too wide) in paragraph at lines 50--51
\OT1/cmr/m/n/12 ML ex-cels at au-tomat-ing tasks in-volv-ing data and pat-tern 
recog-ni-tion, his-tor-i-cally human-
 []


Overfull \hbox (42.6906pt too wide) in paragraph at lines 50--51
\OT1/cmtt/m/n/12 archive . ics . uci . edu / ml / datasets / individual + house
hold + electric + power + consumption$[][]\OT1/cmr/m/n/12 ). 
 []


Package fancyhdr Warning: \headheight is too small (12.0pt): 
(fancyhdr)                Make it at least 27.05003pt, for example:
(fancyhdr)                \setlength{\headheight}{27.05003pt}.
(fancyhdr)                You might also make \topmargin smaller:
(fancyhdr)                \addtolength{\topmargin}{-15.05003pt}.

[7]

Package fancyhdr Warning: \headheight is too small (12.0pt): 
(fancyhdr)                Make it at least 27.05003pt, for example:
(fancyhdr)                \setlength{\headheight}{27.05003pt}.
(fancyhdr)                You might also make \topmargin smaller:
(fancyhdr)                \addtolength{\topmargin}{-15.05003pt}.

[8]

Package fancyhdr Warning: \headheight is too small (12.0pt): 
(fancyhdr)                Make it at least 27.05003pt, for example:
(fancyhdr)                \setlength{\headheight}{27.05003pt}.
(fancyhdr)                You might also make \topmargin smaller:
(fancyhdr)                \addtolength{\topmargin}{-15.05003pt}.

[9]

Package fancyhdr Warning: \headheight is too small (12.0pt): 
(fancyhdr)                Make it at least 27.05003pt, for example:
(fancyhdr)                \setlength{\headheight}{27.05003pt}.
(fancyhdr)                You might also make \topmargin smaller:
(fancyhdr)                \addtolength{\topmargin}{-15.05003pt}.

[10]

Package fancyhdr Warning: \headheight is too small (12.0pt): 
(fancyhdr)                Make it at least 27.05003pt, for example:
(fancyhdr)                \setlength{\headheight}{27.05003pt}.
(fancyhdr)                You might also make \topmargin smaller:
(fancyhdr)                \addtolength{\topmargin}{-15.05003pt}.

[11]
<./figures_aman/global_active_power_over_time.png, id=431, 834.7185pt x 395.316
9pt>
File: ./figures_aman/global_active_power_over_time.png Graphic file (type png)
<use ./figures_aman/global_active_power_over_time.png>
Package pdftex.def Info: ./figures_aman/global_active_power_over_time.png  used
 on input line 123.
(pdftex.def)             Requested size: 317.07614pt x 150.16768pt.
<./figures_aman/voltage_trends_over_time.png, id=432, 841.2228pt x 395.3169pt>
File: ./figures_aman/voltage_trends_over_time.png Graphic file (type png)
<use ./figures_aman/voltage_trends_over_time.png>
Package pdftex.def Info: ./figures_aman/voltage_trends_over_time.png  used on i
nput line 130.
(pdftex.def)             Requested size: 407.66833pt x 191.57162pt.
<./figures_aman/sub_metering_patterns.png, id=433, 834.7185pt x 395.3169pt>
File: ./figures_aman/sub_metering_patterns.png Graphic file (type png)
<use ./figures_aman/sub_metering_patterns.png>
Package pdftex.def Info: ./figures_aman/sub_metering_patterns.png  used on inpu
t line 137.
(pdftex.def)             Requested size: 317.07614pt x 150.16768pt.
<./figures_aman/rolling_mean_std.png, id=434, 834.7185pt x 395.3169pt>
File: ./figures_aman/rolling_mean_std.png Graphic file (type png)
<use ./figures_aman/rolling_mean_std.png>
Package pdftex.def Info: ./figures_aman/rolling_mean_std.png  used on input lin
e 144.
(pdftex.def)             Requested size: 317.07614pt x 150.16768pt.
<./figures_aman/seasonal_decomposition_full.png, id=435, 455.301pt x 339.669pt>

File: ./figures_aman/seasonal_decomposition_full.png Graphic file (type png)
<use ./figures_aman/seasonal_decomposition_full.png>
Package pdftex.def Info: ./figures_aman/seasonal_decomposition_full.png  used o
n input line 151.
(pdftex.def)             Requested size: 317.07614pt x 236.55386pt.


Package fancyhdr Warning: \headheight is too small (12.0pt): 
(fancyhdr)                Make it at least 27.05003pt, for example:
(fancyhdr)                \setlength{\headheight}{27.05003pt}.
(fancyhdr)                You might also make \topmargin smaller:
(fancyhdr)                \addtolength{\topmargin}{-15.05003pt}.

[12 <./figures_aman/global_active_power_over_time.png>]

Package fancyhdr Warning: \headheight is too small (12.0pt): 
(fancyhdr)                Make it at least 27.05003pt, for example:
(fancyhdr)                \setlength{\headheight}{27.05003pt}.
(fancyhdr)                You might also make \topmargin smaller:
(fancyhdr)                \addtolength{\topmargin}{-15.05003pt}.

[13 <./figures_aman/voltage_trends_over_time.png> <./figures_aman/sub_metering_
patterns.png> <./figures_aman/rolling_mean_std.png>]
<./figures_aman/daily_global_active_power.png, id=455, 712.5822pt x 406.8801pt>

File: ./figures_aman/daily_global_active_power.png Graphic file (type png)
<use ./figures_aman/daily_global_active_power.png>
Package pdftex.def Info: ./figures_aman/daily_global_active_power.png  used on 
input line 161.
(pdftex.def)             Requested size: 317.07614pt x 181.05176pt.


Package fancyhdr Warning: \headheight is too small (12.0pt): 
(fancyhdr)                Make it at least 27.05003pt, for example:
(fancyhdr)                \setlength{\headheight}{27.05003pt}.
(fancyhdr)                You might also make \topmargin smaller:
(fancyhdr)                \addtolength{\topmargin}{-15.05003pt}.

[14 <./figures_aman/seasonal_decomposition_full.png> <./figures_aman/daily_glob
al_active_power.png>]
<./figures_aman/correlation_matrix.png, id=464, 570.2103pt x 484.9317pt>
File: ./figures_aman/correlation_matrix.png Graphic file (type png)
<use ./figures_aman/correlation_matrix.png>
Package pdftex.def Info: ./figures_aman/correlation_matrix.png  used on input l
ine 171.
(pdftex.def)             Requested size: 317.07614pt x 269.65823pt.


Package fancyhdr Warning: \headheight is too small (12.0pt): 
(fancyhdr)                Make it at least 27.05003pt, for example:
(fancyhdr)                \setlength{\headheight}{27.05003pt}.
(fancyhdr)                You might also make \topmargin smaller:
(fancyhdr)                \addtolength{\topmargin}{-15.05003pt}.

[15 <./figures_aman/correlation_matrix.png>]

Package fancyhdr Warning: \headheight is too small (12.0pt): 
(fancyhdr)                Make it at least 27.05003pt, for example:
(fancyhdr)                \setlength{\headheight}{27.05003pt}.
(fancyhdr)                You might also make \topmargin smaller:
(fancyhdr)                \addtolength{\topmargin}{-15.05003pt}.

[16]
<./figures_aman/path_to_subset_forecast_plot.png, id=479, 600.5637pt x 381.5856
pt>
File: ./figures_aman/path_to_subset_forecast_plot.png Graphic file (type png)
<use ./figures_aman/path_to_subset_forecast_plot.png>
Package pdftex.def Info: ./figures_aman/path_to_subset_forecast_plot.png  used 
on input line 206.
(pdftex.def)             Requested size: 317.07614pt x 201.47083pt.
<./figures_aman/path_to_full_forecast_plot.png, id=481, 607.7907pt x 381.5856pt
>
File: ./figures_aman/path_to_full_forecast_plot.png Graphic file (type png)
<use ./figures_aman/path_to_full_forecast_plot.png>
Package pdftex.def Info: ./figures_aman/path_to_full_forecast_plot.png  used on
 input line 215.
(pdftex.def)             Requested size: 317.07614pt x 199.06612pt.


Package fancyhdr Warning: \headheight is too small (12.0pt): 
(fancyhdr)                Make it at least 27.05003pt, for example:
(fancyhdr)                \setlength{\headheight}{27.05003pt}.
(fancyhdr)                You might also make \topmargin smaller:
(fancyhdr)                \addtolength{\topmargin}{-15.05003pt}.

[17 <./figures_aman/path_to_subset_forecast_plot.png> <./figures_aman/path_to_f
ull_forecast_plot.png>]

Package fancyhdr Warning: \headheight is too small (12.0pt): 
(fancyhdr)                Make it at least 27.05003pt, for example:
(fancyhdr)                \setlength{\headheight}{27.05003pt}.
(fancyhdr)                You might also make \topmargin smaller:
(fancyhdr)                \addtolength{\topmargin}{-15.05003pt}.

[18]
<./figures_aman/path_to_forecast_plot.png, id=497, 617.1858pt x 395.3169pt>
File: ./figures_aman/path_to_forecast_plot.png Graphic file (type png)
<use ./figures_aman/path_to_forecast_plot.png>
Package pdftex.def Info: ./figures_aman/path_to_forecast_plot.png  used on inpu
t line 243.
(pdftex.def)             Requested size: 317.07614pt x 203.09885pt.


LaTeX Warning: `h' float specifier changed to `ht'.


Package fancyhdr Warning: \headheight is too small (12.0pt): 
(fancyhdr)                Make it at least 27.05003pt, for example:
(fancyhdr)                \setlength{\headheight}{27.05003pt}.
(fancyhdr)                You might also make \topmargin smaller:
(fancyhdr)                \addtolength{\topmargin}{-15.05003pt}.

[19 <./figures_aman/path_to_forecast_plot.png>]
<./figures_aman/path_to_shap_rf_plot.png, id=508, 570.933pt x 360.6273pt>
File: ./figures_aman/path_to_shap_rf_plot.png Graphic file (type png)
<use ./figures_aman/path_to_shap_rf_plot.png>
Package pdftex.def Info: ./figures_aman/path_to_shap_rf_plot.png  used on input
 line 266.
(pdftex.def)             Requested size: 317.07614pt x 200.28809pt.
<./figures_aman/path_to_shap_xgb_plot.png, id=509, 570.933pt x 360.6273pt>
File: ./figures_aman/path_to_shap_xgb_plot.png Graphic file (type png)
<use ./figures_aman/path_to_shap_xgb_plot.png>
Package pdftex.def Info: ./figures_aman/path_to_shap_xgb_plot.png  used on inpu
t line 273.
(pdftex.def)             Requested size: 317.07614pt x 200.28809pt.


Package fancyhdr Warning: \headheight is too small (12.0pt): 
(fancyhdr)                Make it at least 27.05003pt, for example:
(fancyhdr)                \setlength{\headheight}{27.05003pt}.
(fancyhdr)                You might also make \topmargin smaller:
(fancyhdr)                \addtolength{\topmargin}{-15.05003pt}.

[20 <./figures_aman/path_to_shap_rf_plot.png>]

Package fancyhdr Warning: \headheight is too small (12.0pt): 
(fancyhdr)                Make it at least 27.05003pt, for example:
(fancyhdr)                \setlength{\headheight}{27.05003pt}.
(fancyhdr)                You might also make \topmargin smaller:
(fancyhdr)                \addtolength{\topmargin}{-15.05003pt}.

[21 <./figures_aman/path_to_shap_xgb_plot.png>]
<./figures_aman/path_to_rnn_subset_plot.png, id=526, 726.3135pt x 395.3169pt>
File: ./figures_aman/path_to_rnn_subset_plot.png Graphic file (type png)
<use ./figures_aman/path_to_rnn_subset_plot.png>
Package pdftex.def Info: ./figures_aman/path_to_rnn_subset_plot.png  used on in
put line 313.
(pdftex.def)             Requested size: 317.07614pt x 172.58275pt.
<./figures_aman/path_to_gru_subset_plot.png, id=527, 726.3135pt x 395.3169pt>
File: ./figures_aman/path_to_gru_subset_plot.png Graphic file (type png)
<use ./figures_aman/path_to_gru_subset_plot.png>
Package pdftex.def Info: ./figures_aman/path_to_gru_subset_plot.png  used on in
put line 320.
(pdftex.def)             Requested size: 317.07614pt x 172.58275pt.


LaTeX Warning: `h' float specifier changed to `ht'.

<./figures_aman/path_to_lstm_subset_plot.png, id=528, 726.3135pt x 395.3169pt>
File: ./figures_aman/path_to_lstm_subset_plot.png Graphic file (type png)
<use ./figures_aman/path_to_lstm_subset_plot.png>
Package pdftex.def Info: ./figures_aman/path_to_lstm_subset_plot.png  used on i
nput line 327.
(pdftex.def)             Requested size: 317.07614pt x 172.58275pt.

LaTeX Warning: `h' float specifier changed to `ht'.

<./figures_aman/path_to_convlstm_subset_plot.png, id=529, 726.3135pt x 395.3169
pt>
File: ./figures_aman/path_to_convlstm_subset_plot.png Graphic file (type png)
<use ./figures_aman/path_to_convlstm_subset_plot.png>
Package pdftex.def Info: ./figures_aman/path_to_convlstm_subset_plot.png  used 
on input line 334.
(pdftex.def)             Requested size: 317.07614pt x 172.58275pt.

LaTeX Warning: `h' float specifier changed to `ht'.


Package fancyhdr Warning: \headheight is too small (12.0pt): 
(fancyhdr)                Make it at least 27.05003pt, for example:
(fancyhdr)                \setlength{\headheight}{27.05003pt}.
(fancyhdr)                You might also make \topmargin smaller:
(fancyhdr)                \addtolength{\topmargin}{-15.05003pt}.

[22 <./figures_aman/path_to_rnn_subset_plot.png>]
<./figures_aman/path_to_rnn_full_plot.png, id=537, 726.3135pt x 395.3169pt>
File: ./figures_aman/path_to_rnn_full_plot.png Graphic file (type png)
<use ./figures_aman/path_to_rnn_full_plot.png>
Package pdftex.def Info: ./figures_aman/path_to_rnn_full_plot.png  used on inpu
t line 346.
(pdftex.def)             Requested size: 317.07614pt x 172.58275pt.


LaTeX Warning: `h' float specifier changed to `ht'.

<./figures_aman/path_to_gru_full_plot.png, id=538, 726.3135pt x 395.3169pt>
File: ./figures_aman/path_to_gru_full_plot.png Graphic file (type png)
<use ./figures_aman/path_to_gru_full_plot.png>
Package pdftex.def Info: ./figures_aman/path_to_gru_full_plot.png  used on inpu
t line 353.
(pdftex.def)             Requested size: 317.07614pt x 172.58275pt.

LaTeX Warning: `h' float specifier changed to `ht'.

<./figures_aman/path_to_lstm_full_plot.png, id=539, 726.3135pt x 395.3169pt>
File: ./figures_aman/path_to_lstm_full_plot.png Graphic file (type png)
<use ./figures_aman/path_to_lstm_full_plot.png>
Package pdftex.def Info: ./figures_aman/path_to_lstm_full_plot.png  used on inp
ut line 360.
(pdftex.def)             Requested size: 317.07614pt x 172.58275pt.

LaTeX Warning: `h' float specifier changed to `ht'.

<./figures_aman/path_to_convlstm_full_plot.png, id=540, 726.3135pt x 395.3169pt
>
File: ./figures_aman/path_to_convlstm_full_plot.png Graphic file (type png)
<use ./figures_aman/path_to_convlstm_full_plot.png>
Package pdftex.def Info: ./figures_aman/path_to_convlstm_full_plot.png  used on
 input line 367.
(pdftex.def)             Requested size: 317.07614pt x 172.58275pt.

LaTeX Warning: `h' float specifier changed to `ht'.


Package fancyhdr Warning: \headheight is too small (12.0pt): 
(fancyhdr)                Make it at least 27.05003pt, for example:
(fancyhdr)                \setlength{\headheight}{27.05003pt}.
(fancyhdr)                You might also make \topmargin smaller:
(fancyhdr)                \addtolength{\topmargin}{-15.05003pt}.

[23 <./figures_aman/path_to_gru_subset_plot.png> <./figures_aman/path_to_lstm_s
ubset_plot.png>]

Package fancyhdr Warning: \headheight is too small (12.0pt): 
(fancyhdr)                Make it at least 27.05003pt, for example:
(fancyhdr)                \setlength{\headheight}{27.05003pt}.
(fancyhdr)                You might also make \topmargin smaller:
(fancyhdr)                \addtolength{\topmargin}{-15.05003pt}.

[24 <./figures_aman/path_to_convlstm_subset_plot.png> <./figures_aman/path_to_r
nn_full_plot.png>]

Package fancyhdr Warning: \headheight is too small (12.0pt): 
(fancyhdr)                Make it at least 27.05003pt, for example:
(fancyhdr)                \setlength{\headheight}{27.05003pt}.
(fancyhdr)                You might also make \topmargin smaller:
(fancyhdr)                \addtolength{\topmargin}{-15.05003pt}.

[25 <./figures_aman/path_to_gru_full_plot.png> <./figures_aman/path_to_lstm_ful
l_plot.png>]

Package fancyhdr Warning: \headheight is too small (12.0pt): 
(fancyhdr)                Make it at least 27.05003pt, for example:
(fancyhdr)                \setlength{\headheight}{27.05003pt}.
(fancyhdr)                You might also make \topmargin smaller:
(fancyhdr)                \addtolength{\topmargin}{-15.05003pt}.

[26 <./figures_aman/path_to_convlstm_full_plot.png>]

Package fancyhdr Warning: \headheight is too small (12.0pt): 
(fancyhdr)                Make it at least 27.05003pt, for example:
(fancyhdr)                \setlength{\headheight}{27.05003pt}.
(fancyhdr)                You might also make \topmargin smaller:
(fancyhdr)                \addtolength{\topmargin}{-15.05003pt}.

[27] (main.bbl

Package fancyhdr Warning: \headheight is too small (12.0pt): 
(fancyhdr)                Make it at least 27.05003pt, for example:
(fancyhdr)                \setlength{\headheight}{27.05003pt}.
(fancyhdr)                You might also make \topmargin smaller:
(fancyhdr)                \addtolength{\topmargin}{-15.05003pt}.

[28])) [29

]
\openout2 = `amit.aux'.

 (amit.tex
Chapter 2.
[30




]
<./figures_amit/actual_vs_predicted.png, id=598, 867.24pt x 433.62pt>
File: ./figures_amit/actual_vs_predicted.png Graphic file (type png)
<use ./figures_amit/actual_vs_predicted.png>
Package pdftex.def Info: ./figures_amit/actual_vs_predicted.png  used on input 
line 40.
(pdftex.def)             Requested size: 362.37569pt x 181.18623pt.
<./figures_amit/actual_vs_predicted_rf.png, id=599, 867.24pt x 433.62pt>
File: ./figures_amit/actual_vs_predicted_rf.png Graphic file (type png)
<use ./figures_amit/actual_vs_predicted_rf.png>
Package pdftex.def Info: ./figures_amit/actual_vs_predicted_rf.png  used on inp
ut line 47.
(pdftex.def)             Requested size: 362.37569pt x 181.18623pt.


LaTeX Warning: `h' float specifier changed to `ht'.

<./figures_amit/actual_vs_predicted_sarima.png, id=600, 867.24pt x 433.62pt>
File: ./figures_amit/actual_vs_predicted_sarima.png Graphic file (type png)
<use ./figures_amit/actual_vs_predicted_sarima.png>
Package pdftex.def Info: ./figures_amit/actual_vs_predicted_sarima.png  used on
 input line 54.
(pdftex.def)             Requested size: 362.37569pt x 181.18623pt.

LaTeX Warning: `h' float specifier changed to `ht'.

<./figures_amit/distribution_closing_price_diff.png, id=602, 722.7pt x 433.62pt
>
File: ./figures_amit/distribution_closing_price_diff.png Graphic file (type png
)
<use ./figures_amit/distribution_closing_price_diff.png>
Package pdftex.def Info: ./figures_amit/distribution_closing_price_diff.png  us
ed on input line 64.
(pdftex.def)             Requested size: 362.37569pt x 217.4248pt.

LaTeX Warning: `h' float specifier changed to `ht'.


Package fancyhdr Warning: \headheight is too small (12.0pt): 
(fancyhdr)                Make it at least 14.49998pt, for example:
(fancyhdr)                \setlength{\headheight}{14.49998pt}.
(fancyhdr)                You might also make \topmargin smaller:
(fancyhdr)                \addtolength{\topmargin}{-2.49998pt}.

[31 <./figures_amit/actual_vs_predicted.png>]
<./figures_amit/model_comparison_train.png, id=613, 722.7pt x 433.62pt>
File: ./figures_amit/model_comparison_train.png Graphic file (type png)
<use ./figures_amit/model_comparison_train.png>
Package pdftex.def Info: ./figures_amit/model_comparison_train.png  used on inp
ut line 93.
(pdftex.def)             Requested size: 362.37569pt x 217.4248pt.


LaTeX Warning: `h' float specifier changed to `ht'.


Package fancyhdr Warning: \headheight is too small (12.0pt): 
(fancyhdr)                Make it at least 14.49998pt, for example:
(fancyhdr)                \setlength{\headheight}{14.49998pt}.
(fancyhdr)                You might also make \topmargin smaller:
(fancyhdr)                \addtolength{\topmargin}{-2.49998pt}.

[32 <./figures_amit/actual_vs_predicted_rf.png> <./figures_amit/actual_vs_predi
cted_sarima.png>])

Package fancyhdr Warning: \headheight is too small (12.0pt): 
(fancyhdr)                Make it at least 14.49998pt, for example:
(fancyhdr)                \setlength{\headheight}{14.49998pt}.
(fancyhdr)                You might also make \topmargin smaller:
(fancyhdr)                \addtolength{\topmargin}{-2.49998pt}.

[33 <./figures_amit/distribution_closing_price_diff.png>]

Package fancyhdr Warning: \headheight is too small (12.0pt): 
(fancyhdr)                Make it at least 14.49998pt, for example:
(fancyhdr)                \setlength{\headheight}{14.49998pt}.
(fancyhdr)                You might also make \topmargin smaller:
(fancyhdr)                \addtolength{\topmargin}{-2.49998pt}.

[34 <./figures_amit/model_comparison_train.png>]
\openout2 = `adarsh.aux'.

 (adarsh.tex
Chapter 3.
[35




]
<./figures_adarsh/Distribution_Sales .png, id=638, 871.255pt x 547.04375pt>
File: ./figures_adarsh/Distribution_Sales .png Graphic file (type png)
<use ./figures_adarsh/Distribution_Sales .png>
Package pdftex.def Info: ./figures_adarsh/Distribution_Sales .png  used on inpu
t line 27.
(pdftex.def)             Requested size: 362.37569pt x 227.52809pt.
<./figures_adarsh/Weekly_Sale_by_Store.png, id=639, 909.3975pt x 554.07pt>
File: ./figures_adarsh/Weekly_Sale_by_Store.png Graphic file (type png)
<use ./figures_adarsh/Weekly_Sale_by_Store.png>
Package pdftex.def Info: ./figures_adarsh/Weekly_Sale_by_Store.png  used on inp
ut line 37.
(pdftex.def)             Requested size: 362.37569pt x 220.78708pt.


Package fancyhdr Warning: \headheight is too small (12.0pt): 
(fancyhdr)                Make it at least 14.49998pt, for example:
(fancyhdr)                \setlength{\headheight}{14.49998pt}.
(fancyhdr)                You might also make \topmargin smaller:
(fancyhdr)                \addtolength{\topmargin}{-2.49998pt}.

[36 <./figures_adarsh/Distribution_Sales .png>]
<./figures_adarsh/Sales_forecasting.png, id=649, 909.3975pt x 484.81125pt>
File: ./figures_adarsh/Sales_forecasting.png Graphic file (type png)
<use ./figures_adarsh/Sales_forecasting.png>
Package pdftex.def Info: ./figures_adarsh/Sales_forecasting.png  used on input 
line 51.
(pdftex.def)             Requested size: 362.37569pt x 193.18869pt.


LaTeX Warning: `h' float specifier changed to `ht'.

<./figures_adarsh/LSTM.png, id=650, 909.3975pt x 603.25375pt>
File: ./figures_adarsh/LSTM.png Graphic file (type png)
<use ./figures_adarsh/LSTM.png>
Package pdftex.def Info: ./figures_adarsh/LSTM.png  used on input line 61.
(pdftex.def)             Requested size: 362.37569pt x 240.38594pt.

Package fancyhdr Warning: \headheight is too small (12.0pt): 
(fancyhdr)                Make it at least 14.49998pt, for example:
(fancyhdr)                \setlength{\headheight}{14.49998pt}.
(fancyhdr)                You might also make \topmargin smaller:
(fancyhdr)                \addtolength{\topmargin}{-2.49998pt}.

[37 <./figures_adarsh/Weekly_Sale_by_Store.png>]

Package fancyhdr Warning: \headheight is too small (12.0pt): 
(fancyhdr)                Make it at least 14.49998pt, for example:
(fancyhdr)                \setlength{\headheight}{14.49998pt}.
(fancyhdr)                You might also make \topmargin smaller:
(fancyhdr)                \addtolength{\topmargin}{-2.49998pt}.

[38 <./figures_adarsh/Sales_forecasting.png> <./figures_adarsh/LSTM.png>]

Package fancyhdr Warning: \headheight is too small (12.0pt): 
(fancyhdr)                Make it at least 14.49998pt, for example:
(fancyhdr)                \setlength{\headheight}{14.49998pt}.
(fancyhdr)                You might also make \topmargin smaller:
(fancyhdr)                \addtolength{\topmargin}{-2.49998pt}.

[39])

Package fancyhdr Warning: \headheight is too small (12.0pt): 
(fancyhdr)                Make it at least 14.49998pt, for example:
(fancyhdr)                \setlength{\headheight}{14.49998pt}.
(fancyhdr)                You might also make \topmargin smaller:
(fancyhdr)                \addtolength{\topmargin}{-2.49998pt}.

[40]
\openout2 = `akash.aux'.

 (akash.tex
Chapter 4.
[41




]

Package fancyhdr Warning: \headheight is too small (12.0pt): 
(fancyhdr)                Make it at least 14.49998pt, for example:
(fancyhdr)                \setlength{\headheight}{14.49998pt}.
(fancyhdr)                You might also make \topmargin smaller:
(fancyhdr)                \addtolength{\topmargin}{-2.49998pt}.

[42]
<./figures_akash/before_smote.png, id=688, 409.0482pt x 284.0211pt>
File: ./figures_akash/before_smote.png Graphic file (type png)
<use ./figures_akash/before_smote.png>
Package pdftex.def Info: ./figures_akash/before_smote.png  used on input line 8
3.
(pdftex.def)             Requested size: 362.37569pt x 251.62085pt.


LaTeX Warning: `!h' float specifier changed to `!ht'.

<./figures_akash/after_smote.png, id=689, 409.0482pt x 284.0211pt>
File: ./figures_akash/after_smote.png Graphic file (type png)
<use ./figures_akash/after_smote.png>
Package pdftex.def Info: ./figures_akash/after_smote.png  used on input line 90
.
(pdftex.def)             Requested size: 362.37569pt x 251.62085pt.

LaTeX Warning: `!h' float specifier changed to `!ht'.

<./figures_akash/evaluation_metrics.png, id=691, 387.3672pt x 270.2898pt>
File: ./figures_akash/evaluation_metrics.png Graphic file (type png)
<use ./figures_akash/evaluation_metrics.png>
Package pdftex.def Info: ./figures_akash/evaluation_metrics.png  used on input 
line 100.
(pdftex.def)             Requested size: 339.72592pt x 237.05977pt.

LaTeX Warning: `!h' float specifier changed to `!ht'.

<./figures_akash/confusion_matrix.png, id=693, 380.8629pt x 284.0211pt>
File: ./figures_akash/confusion_matrix.png Graphic file (type png)
<use ./figures_akash/confusion_matrix.png>
Package pdftex.def Info: ./figures_akash/confusion_matrix.png  used on input li
ne 110.
(pdftex.def)             Requested size: 339.72592pt x 253.35437pt.

LaTeX Warning: `!h' float specifier changed to `!ht'.


Package fancyhdr Warning: \headheight is too small (12.0pt): 
(fancyhdr)                Make it at least 14.49998pt, for example:
(fancyhdr)                \setlength{\headheight}{14.49998pt}.
(fancyhdr)                You might also make \topmargin smaller:
(fancyhdr)                \addtolength{\topmargin}{-2.49998pt}.

[43]

Package fancyhdr Warning: \headheight is too small (12.0pt): 
(fancyhdr)                Make it at least 14.49998pt, for example:
(fancyhdr)                \setlength{\headheight}{14.49998pt}.
(fancyhdr)                You might also make \topmargin smaller:
(fancyhdr)                \addtolength{\topmargin}{-2.49998pt}.

[44 <./figures_akash/before_smote.png> <./figures_akash/after_smote.png>])

Package fancyhdr Warning: \headheight is too small (12.0pt): 
(fancyhdr)                Make it at least 14.49998pt, for example:
(fancyhdr)                \setlength{\headheight}{14.49998pt}.
(fancyhdr)                You might also make \topmargin smaller:
(fancyhdr)                \addtolength{\topmargin}{-2.49998pt}.

[45 <./figures_akash/evaluation_metrics.png> <./figures_akash/confusion_matrix.
png>] (main.aux (titlepage.aux) (acknowledgement.aux) (abstract.aux) (aman.aux)
(amit.aux) (adarsh.aux) (akash.aux))
Package rerunfilecheck Info: File `main.out' has not changed.
(rerunfilecheck)             Checksum: 36DBBBA7946BB7A9CDAAA48C8617E96A;12516.
 ) 
Here is how much of TeX's memory you used:
 11136 strings out of 476331
 185113 string characters out of 5788237
 1865660 words of memory out of 5000000
 31176 multiletter control sequences out of 15000+600000
 519886 words of font info for 58 fonts, out of 8000000 for 9000
 1141 hyphenation exceptions out of 8191
 75i,12n,76p,1642b,569s stack positions out of 10000i,1000n,20000p,200000b,200000s
 <C:\Users\KIIT\AppData\Local\MiKTeX\fonts/pk/ljfour/jknappen/ec/dpi600\tcrm1
200.pk><C:/Users/KIIT/AppData/Local/Programs/MiKTeX/fonts/type1/public/amsfonts
/cm/cmbx12.pfb><C:/Users/KIIT/AppData/Local/Programs/MiKTeX/fonts/type1/public/
amsfonts/cm/cmbx8.pfb><C:/Users/KIIT/AppData/Local/Programs/MiKTeX/fonts/type1/
public/amsfonts/cm/cmcsc10.pfb><C:/Users/KIIT/AppData/Local/Programs/MiKTeX/fon
ts/type1/public/amsfonts/cm/cmex10.pfb><C:/Users/KIIT/AppData/Local/Programs/Mi
KTeX/fonts/type1/public/amsfonts/cm/cmmi12.pfb><C:/Users/KIIT/AppData/Local/Pro
grams/MiKTeX/fonts/type1/public/amsfonts/cm/cmmi8.pfb><C:/Users/KIIT/AppData/Lo
cal/Programs/MiKTeX/fonts/type1/public/amsfonts/cm/cmr12.pfb><C:/Users/KIIT/App
Data/Local/Programs/MiKTeX/fonts/type1/public/amsfonts/cm/cmr8.pfb><C:/Users/KI
IT/AppData/Local/Programs/MiKTeX/fonts/type1/public/amsfonts/cm/cmsy10.pfb><C:/
Users/KIIT/AppData/Local/Programs/MiKTeX/fonts/type1/public/amsfonts/cm/cmsy8.p
fb><C:/Users/KIIT/AppData/Local/Programs/MiKTeX/fonts/type1/public/amsfonts/cm/
cmti12.pfb><C:/Users/KIIT/AppData/Local/Programs/MiKTeX/fonts/type1/public/amsf
onts/cm/cmtt12.pfb>
Output written on main.pdf (46 pages, 3911959 bytes).
PDF statistics:
 809 PDF objects out of 1000 (max. 8388607)
 177 named destinations out of 1000 (max. 500000)
 723 words of extra memory for PDF output out of 10000 (max. 10000000)

